<?xml version="1.0" encoding="utf-8"?><testsuites name="pytest tests"><testsuite name="pytest" errors="0" failures="0" skipped="1" tests="33" time="2.981" timestamp="2026-09-16T21:30:09.180547+02:00" hostname="Fengs-MacBook-Pro.local"><testcase classname="tests.test_benchmark" name="test_benchmark_reports_measurement_scope_and_partial_flops" time="0.163" /><testcase classname="tests.test_benchmark" name="test_large_reference_benchmark_requires_explicit_opt_in" time="0.007" /><testcase classname="tests.test_data" name="test_masks_accept_both_encodings_and_reject_gray" time="0.014" /><testcase classname="tests.test_data" name="test_pairing_and_dimensions" time="0.063" /><testcase classname="tests.test_data" name="test_flip_is_synchronized_and_mixup_keeps_soft_labels" time="0.014" /><testcase classname="tests.test_data" name="test_group_split_and_manifest_audit" time="0.010" /><testcase classname="tests.test_data" name="test_refuse_split_without_video_ids" time="0.001" /><testcase classname="tests.test_metrics" name="test_hand_computed_confusion" time="0.001" /><testcase classname="tests.test_metrics" name="test_empty_and_constant_cases[p0-y0-1-1]" time="0.001" /><testcase classname="tests.test_metrics" name="test_empty_and_constant_cases[p1-y1-1-1]" time="0.000" /><testcase classname="tests.test_metrics" name="test_empty_and_constant_cases[p2-y2-0-0]" time="0.000" /><testcase classname="tests.test_metrics" name="test_empty_and_constant_cases[p3-y3-0-0]" time="0.000" /><testcase classname="tests.test_metrics" name="test_empty_and_constant_cases[p4-y4-0.25-0]" time="0.000" /><testcase classname="tests.test_metrics" name="test_streaming_ods_ois_matches_bruteforce" time="0.008" /><testcase classname="tests.test_metrics" name="test_miou_is_two_class_average" time="0.000" /><testcase classname="tests.test_model" name="test_original_resolution_and_gradient[shape0]" time="0.072" /><testcase classname="tests.test_model" name="test_original_resolution_and_gradient[shape1]" time="0.096" /><testcase classname="tests.test_model" name="test_original_resolution_and_gradient[shape2]" time="0.141" /><testcase classname="tests.test_model" name="test_multiscale_alignment_and_all_branch_gradients" time="0.011" /><testcase classname="tests.test_model" name="test_full_default_architecture_forward" time="0.047" /><testcase classname="tests.test_scan" name="test_all_routes_are_invertible[1-1]" time="0.002" /><testcase classname="tests.test_scan" name="test_all_routes_are_invertible[1-5]" time="0.000" /><testcase classname="tests.test_scan" name="test_all_routes_are_invertible[7-1]" time="0.000" /><testcase classname="tests.test_scan" name="test_all_routes_are_invertible[3-5]" time="0.000" /><testcase classname="tests.test_scan" name="test_all_routes_are_invertible[5-3]" time="0.000" /><testcase classname="tests.test_scan" name="test_all_routes_are_invertible[8-8]" time="0.000" /><testcase classname="tests.test_scan" name="test_scalar_recurrence_and_analytic_gradient" time="0.002" /><testcase classname="tests.test_scan" name="test_selective_parameters_receive_gradients" time="0.002" /><testcase classname="tests.test_scan" name="test_cuda_reference_forward_and_backward" time="0.000"><skipped type="pytest.skip" message="No NVIDIA CUDA device">/Users/fengxiao/Desktop/SSM/tests/test_scan.py:47: No NVIDIA CUDA device</skipped></testcase><testcase classname="tests.test_scan" name="test_no_silent_cuda_fallback" time="0.001" /><testcase classname="tests.test_scan" name="test_cached_indices_can_transition_from_inference_to_training" time="0.005" /><testcase classname="tests.test_workflow" name="test_train_resume_evaluate_image_and_video" time="2.104" /><testcase classname="tests.test_workflow" name="test_connected_regions_and_original_coordinates" time="0.001" /></testsuite></testsuites>